2015-05-14T10:29:49+00:00 ERR (3): Warning: include(Alanstormdotcom/Complexworld/Model/Eavblogpost.php): failed to open stream: No such file or directory  in /var/www/magento/lib/Varien/Autoload.php on line 93
2015-05-14T10:29:49+00:00 ERR (3): Warning: include(): Failed opening 'Alanstormdotcom/Complexworld/Model/Eavblogpost.php' for inclusion (include_path='/var/www/magento/app/code/local:/var/www/magento/app/code/community:/var/www/magento/app/code/core:/var/www/magento/lib:.:/usr/share/php:/usr/share/pear')  in /var/www/magento/lib/Varien/Autoload.php on line 93
2015-05-14T10:29:58+00:00 ERR (3): Warning: include(Alanstormdotcom/Complexworld/Model/Eavblogpost.php): failed to open stream: No such file or directory  in /var/www/magento/lib/Varien/Autoload.php on line 93
2015-05-14T10:29:58+00:00 ERR (3): Warning: include(): Failed opening 'Alanstormdotcom/Complexworld/Model/Eavblogpost.php' for inclusion (include_path='/var/www/magento/app/code/local:/var/www/magento/app/code/community:/var/www/magento/app/code/core:/var/www/magento/lib:.:/usr/share/php:/usr/share/pear')  in /var/www/magento/lib/Varien/Autoload.php on line 93
2015-05-14T10:29:59+00:00 ERR (3): Warning: include(Alanstormdotcom/Complexworld/Model/Eavblogpost.php): failed to open stream: No such file or directory  in /var/www/magento/lib/Varien/Autoload.php on line 93
2015-05-14T10:29:59+00:00 ERR (3): Warning: include(): Failed opening 'Alanstormdotcom/Complexworld/Model/Eavblogpost.php' for inclusion (include_path='/var/www/magento/app/code/local:/var/www/magento/app/code/community:/var/www/magento/app/code/core:/var/www/magento/lib:.:/usr/share/php:/usr/share/pear')  in /var/www/magento/lib/Varien/Autoload.php on line 93
2015-05-14T11:00:15+00:00 ERR (3): Warning: include(Alanstormdotcom/Complexworld/Model/Resource/Eav/Mysql4/Eavblogpost.php): failed to open stream: No such file or directory  in /var/www/magento/lib/Varien/Autoload.php on line 93
2015-05-14T11:00:15+00:00 ERR (3): Warning: include(): Failed opening 'Alanstormdotcom/Complexworld/Model/Resource/Eav/Mysql4/Eavblogpost.php' for inclusion (include_path='/var/www/magento/app/code/local:/var/www/magento/app/code/community:/var/www/magento/app/code/core:/var/www/magento/lib:.:/usr/share/php:/usr/share/pear')  in /var/www/magento/lib/Varien/Autoload.php on line 93
2015-05-14T11:03:01+00:00 ERR (3): Warning: include(Alanstormdotcom/Complexworld/Model/Resource/Eav/Mysql4/Eavblogpost.php): failed to open stream: No such file or directory  in /var/www/magento/lib/Varien/Autoload.php on line 93
2015-05-14T11:03:01+00:00 ERR (3): Warning: include(): Failed opening 'Alanstormdotcom/Complexworld/Model/Resource/Eav/Mysql4/Eavblogpost.php' for inclusion (include_path='/var/www/magento/app/code/local:/var/www/magento/app/code/community:/var/www/magento/app/code/core:/var/www/magento/lib:.:/usr/share/php:/usr/share/pear')  in /var/www/magento/lib/Varien/Autoload.php on line 93
2015-05-14T11:03:34+00:00 ERR (3): Warning: include(Alanstormdotcom/Complexworld/Model/Resource/Eav/Mysql4/Eavblogpost.php): failed to open stream: No such file or directory  in /var/www/magento/lib/Varien/Autoload.php on line 93
2015-05-14T11:03:34+00:00 ERR (3): Warning: include(): Failed opening 'Alanstormdotcom/Complexworld/Model/Resource/Eav/Mysql4/Eavblogpost.php' for inclusion (include_path='/var/www/magento/app/code/local:/var/www/magento/app/code/community:/var/www/magento/app/code/core:/var/www/magento/lib:.:/usr/share/php:/usr/share/pear')  in /var/www/magento/lib/Varien/Autoload.php on line 93
2015-05-15T03:00:58+00:00 ERR (3): Warning: include(Alanstormdotcom/Complexworld/Model/Resource/Eav/Mysql4/Eavblogpost.php): failed to open stream: No such file or directory  in /var/www/magento/lib/Varien/Autoload.php on line 93
2015-05-15T03:00:58+00:00 ERR (3): Warning: include(): Failed opening 'Alanstormdotcom/Complexworld/Model/Resource/Eav/Mysql4/Eavblogpost.php' for inclusion (include_path='/var/www/magento/app/code/local:/var/www/magento/app/code/community:/var/www/magento/app/code/core:/var/www/magento/lib:.:/usr/share/php:/usr/share/pear')  in /var/www/magento/lib/Varien/Autoload.php on line 93
2015-05-15T04:39:52+00:00 ERR (3): Warning: include(Alanstormdotcom/Complexworld/Model/Eavblogpost.php): failed to open stream: No such file or directory  in /var/www/magento/lib/Varien/Autoload.php on line 93
2015-05-15T04:39:52+00:00 ERR (3): Warning: include(): Failed opening 'Alanstormdotcom/Complexworld/Model/Eavblogpost.php' for inclusion (include_path='/var/www/magento/app/code/local:/var/www/magento/app/code/community:/var/www/magento/app/code/core:/var/www/magento/lib:.:/usr/share/php:/usr/share/pear')  in /var/www/magento/lib/Varien/Autoload.php on line 93
2015-05-15T04:44:02+00:00 ERR (3): Warning: include(Alanstormdotcom/Complexworld/Model/Resource/Eav/Mysql4/Eavblogpost.php): failed to open stream: No such file or directory  in /var/www/magento/lib/Varien/Autoload.php on line 93
2015-05-15T04:44:02+00:00 ERR (3): Warning: include(): Failed opening 'Alanstormdotcom/Complexworld/Model/Resource/Eav/Mysql4/Eavblogpost.php' for inclusion (include_path='/var/www/magento/app/code/local:/var/www/magento/app/code/community:/var/www/magento/app/code/core:/var/www/magento/lib:.:/usr/share/php:/usr/share/pear')  in /var/www/magento/lib/Varien/Autoload.php on line 93
2015-05-15T07:10:05+00:00 ERR (3): Warning: include(Alanstormdotcom/Complexworld/Model/Resource/Eav/Mysql4/Eavblogpost/Collection.php): failed to open stream: No such file or directory  in /var/www/magento/lib/Varien/Autoload.php on line 93
2015-05-15T07:10:05+00:00 ERR (3): Warning: include(): Failed opening 'Alanstormdotcom/Complexworld/Model/Resource/Eav/Mysql4/Eavblogpost/Collection.php' for inclusion (include_path='/var/www/magento/app/code/local:/var/www/magento/app/code/community:/var/www/magento/app/code/core:/var/www/magento/lib:.:/usr/share/php:/usr/share/pear')  in /var/www/magento/lib/Varien/Autoload.php on line 93
2015-05-15T07:45:13+00:00 ERR (3): Warning: array_values() expects parameter 1 to be array, null given  in /var/www/magento/downloader/Maged/Model/Config/Enterprise.php on line 54
2015-05-15T07:45:18+00:00 ERR (3): Warning: array_values() expects parameter 1 to be array, null given  in /var/www/magento/downloader/Maged/Model/Config/Enterprise.php on line 54
2015-05-19T04:00:36+00:00 ERR (3): Warning: include(Mage/Smashingmagazine/Branddirectory/Model/Brand.php): failed to open stream: No such file or directory  in /var/www/magento/lib/Varien/Autoload.php on line 93
2015-05-19T04:00:36+00:00 ERR (3): Warning: include(): Failed opening 'Mage/Smashingmagazine/Branddirectory/Model/Brand.php' for inclusion (include_path='/var/www/magento/app/code/local:/var/www/magento/app/code/community:/var/www/magento/app/code/core:/var/www/magento/lib:.:/usr/share/php:/usr/share/pear')  in /var/www/magento/lib/Varien/Autoload.php on line 93
2015-05-19T04:03:00+00:00 ERR (3): Warning: include(Mage/Smashingmagazine/Branddirectory/Model/Brand.php): failed to open stream: No such file or directory  in /var/www/magento/lib/Varien/Autoload.php on line 93
2015-05-19T04:03:00+00:00 ERR (3): Warning: include(): Failed opening 'Mage/Smashingmagazine/Branddirectory/Model/Brand.php' for inclusion (include_path='/var/www/magento/app/code/local:/var/www/magento/app/code/community:/var/www/magento/app/code/core:/var/www/magento/lib:.:/usr/share/php:/usr/share/pear')  in /var/www/magento/lib/Varien/Autoload.php on line 93
2015-05-19T04:03:00+00:00 ERR (3): Warning: include(Mage/Smashingmagazine/Branddirectory/Resource/Model/Brand/Collection.php): failed to open stream: No such file or directory  in /var/www/magento/lib/Varien/Autoload.php on line 93
2015-05-19T04:03:00+00:00 ERR (3): Warning: include(): Failed opening 'Mage/Smashingmagazine/Branddirectory/Resource/Model/Brand/Collection.php' for inclusion (include_path='/var/www/magento/app/code/local:/var/www/magento/app/code/community:/var/www/magento/app/code/core:/var/www/magento/lib:.:/usr/share/php:/usr/share/pear')  in /var/www/magento/lib/Varien/Autoload.php on line 93
2015-05-19T04:03:03+00:00 ERR (3): Warning: include(Mage/Smashingmagazine/Branddirectory/Model/Brand.php): failed to open stream: No such file or directory  in /var/www/magento/lib/Varien/Autoload.php on line 93
2015-05-19T04:03:03+00:00 ERR (3): Warning: include(): Failed opening 'Mage/Smashingmagazine/Branddirectory/Model/Brand.php' for inclusion (include_path='/var/www/magento/app/code/local:/var/www/magento/app/code/community:/var/www/magento/app/code/core:/var/www/magento/lib:.:/usr/share/php:/usr/share/pear')  in /var/www/magento/lib/Varien/Autoload.php on line 93
2015-05-19T04:06:54+00:00 ERR (3): Warning: include(Mage/Smashingmagazine/Branddirectory/Model/Brand.php): failed to open stream: No such file or directory  in /var/www/magento/lib/Varien/Autoload.php on line 93
2015-05-19T04:06:54+00:00 ERR (3): Warning: include(): Failed opening 'Mage/Smashingmagazine/Branddirectory/Model/Brand.php' for inclusion (include_path='/var/www/magento/app/code/local:/var/www/magento/app/code/community:/var/www/magento/app/code/core:/var/www/magento/lib:.:/usr/share/php:/usr/share/pear')  in /var/www/magento/lib/Varien/Autoload.php on line 93
2015-05-19T04:09:28+00:00 ERR (3): Warning: include(Mage/Smashingmagazine/Branddirectory/Model/Brand.php): failed to open stream: No such file or directory  in /var/www/magento/lib/Varien/Autoload.php on line 93
2015-05-19T04:09:28+00:00 ERR (3): Warning: include(): Failed opening 'Mage/Smashingmagazine/Branddirectory/Model/Brand.php' for inclusion (include_path='/var/www/magento/app/code/local:/var/www/magento/app/code/community:/var/www/magento/app/code/core:/var/www/magento/lib:.:/usr/share/php:/usr/share/pear')  in /var/www/magento/lib/Varien/Autoload.php on line 93
2015-05-19T04:09:28+00:00 ERR (3): Warning: include(Mage/Smashingmagazine/Branddirectory/Model/Brand.php): failed to open stream: No such file or directory  in /var/www/magento/lib/Varien/Autoload.php on line 93
2015-05-19T04:09:28+00:00 ERR (3): Warning: include(): Failed opening 'Mage/Smashingmagazine/Branddirectory/Model/Brand.php' for inclusion (include_path='/var/www/magento/app/code/local:/var/www/magento/app/code/community:/var/www/magento/app/code/core:/var/www/magento/lib:.:/usr/share/php:/usr/share/pear')  in /var/www/magento/lib/Varien/Autoload.php on line 93
2015-05-19T04:09:42+00:00 ERR (3): Warning: include(Mage/Smashingmagazine/Branddirectory/Model/Brand.php): failed to open stream: No such file or directory  in /var/www/magento/lib/Varien/Autoload.php on line 93
2015-05-19T04:09:42+00:00 ERR (3): Warning: include(): Failed opening 'Mage/Smashingmagazine/Branddirectory/Model/Brand.php' for inclusion (include_path='/var/www/magento/app/code/local:/var/www/magento/app/code/community:/var/www/magento/app/code/core:/var/www/magento/lib:.:/usr/share/php:/usr/share/pear')  in /var/www/magento/lib/Varien/Autoload.php on line 93
2015-05-19T04:09:42+00:00 ERR (3): Warning: include(Mage/Smashingmagazine/Branddirectory/Resource/Model/Brand/Collection.php): failed to open stream: No such file or directory  in /var/www/magento/lib/Varien/Autoload.php on line 93
2015-05-19T04:09:42+00:00 ERR (3): Warning: include(): Failed opening 'Mage/Smashingmagazine/Branddirectory/Resource/Model/Brand/Collection.php' for inclusion (include_path='/var/www/magento/app/code/local:/var/www/magento/app/code/community:/var/www/magento/app/code/core:/var/www/magento/lib:.:/usr/share/php:/usr/share/pear')  in /var/www/magento/lib/Varien/Autoload.php on line 93
2015-05-19T04:09:44+00:00 ERR (3): Warning: include(Mage/Smashingmagazine/Branddirectory/Model/Brand.php): failed to open stream: No such file or directory  in /var/www/magento/lib/Varien/Autoload.php on line 93
2015-05-19T04:09:44+00:00 ERR (3): Warning: include(): Failed opening 'Mage/Smashingmagazine/Branddirectory/Model/Brand.php' for inclusion (include_path='/var/www/magento/app/code/local:/var/www/magento/app/code/community:/var/www/magento/app/code/core:/var/www/magento/lib:.:/usr/share/php:/usr/share/pear')  in /var/www/magento/lib/Varien/Autoload.php on line 93
2015-05-19T04:09:44+00:00 ERR (3): Warning: include(Mage/Smashingmagazine/Branddirectory/Model/Brand.php): failed to open stream: No such file or directory  in /var/www/magento/lib/Varien/Autoload.php on line 93
2015-05-19T04:09:44+00:00 ERR (3): Warning: include(): Failed opening 'Mage/Smashingmagazine/Branddirectory/Model/Brand.php' for inclusion (include_path='/var/www/magento/app/code/local:/var/www/magento/app/code/community:/var/www/magento/app/code/core:/var/www/magento/lib:.:/usr/share/php:/usr/share/pear')  in /var/www/magento/lib/Varien/Autoload.php on line 93
2015-05-19T04:10:19+00:00 ERR (3): Warning: include(Mage/Smashingmagazine/Branddirectory/Model/Brand.php): failed to open stream: No such file or directory  in /var/www/magento/lib/Varien/Autoload.php on line 93
2015-05-19T04:10:19+00:00 ERR (3): Warning: include(): Failed opening 'Mage/Smashingmagazine/Branddirectory/Model/Brand.php' for inclusion (include_path='/var/www/magento/app/code/local:/var/www/magento/app/code/community:/var/www/magento/app/code/core:/var/www/magento/lib:.:/usr/share/php:/usr/share/pear')  in /var/www/magento/lib/Varien/Autoload.php on line 93
2015-05-19T04:10:19+00:00 ERR (3): Warning: include(Mage/Smashingmagazine/Branddirectory/Model/Brand.php): failed to open stream: No such file or directory  in /var/www/magento/lib/Varien/Autoload.php on line 93
2015-05-19T04:10:19+00:00 ERR (3): Warning: include(): Failed opening 'Mage/Smashingmagazine/Branddirectory/Model/Brand.php' for inclusion (include_path='/var/www/magento/app/code/local:/var/www/magento/app/code/community:/var/www/magento/app/code/core:/var/www/magento/lib:.:/usr/share/php:/usr/share/pear')  in /var/www/magento/lib/Varien/Autoload.php on line 93
2015-05-19T04:10:19+00:00 ERR (3): Warning: include(Mage/Smashingmagazine/Branddirectory/Model/Brand.php): failed to open stream: No such file or directory  in /var/www/magento/lib/Varien/Autoload.php on line 93
2015-05-19T04:10:19+00:00 ERR (3): Warning: include(): Failed opening 'Mage/Smashingmagazine/Branddirectory/Model/Brand.php' for inclusion (include_path='/var/www/magento/app/code/local:/var/www/magento/app/code/community:/var/www/magento/app/code/core:/var/www/magento/lib:.:/usr/share/php:/usr/share/pear')  in /var/www/magento/lib/Varien/Autoload.php on line 93
2015-05-19T04:10:35+00:00 ERR (3): Warning: include(Mage/Smashingmagazine/Branddirectory/Model/Brand.php): failed to open stream: No such file or directory  in /var/www/magento/lib/Varien/Autoload.php on line 93
2015-05-19T04:10:35+00:00 ERR (3): Warning: include(): Failed opening 'Mage/Smashingmagazine/Branddirectory/Model/Brand.php' for inclusion (include_path='/var/www/magento/app/code/local:/var/www/magento/app/code/community:/var/www/magento/app/code/core:/var/www/magento/lib:.:/usr/share/php:/usr/share/pear')  in /var/www/magento/lib/Varien/Autoload.php on line 93
2015-05-19T04:10:35+00:00 ERR (3): Warning: include(Mage/Smashingmagazine/Branddirectory/Model/Brand.php): failed to open stream: No such file or directory  in /var/www/magento/lib/Varien/Autoload.php on line 93
2015-05-19T04:10:35+00:00 ERR (3): Warning: include(): Failed opening 'Mage/Smashingmagazine/Branddirectory/Model/Brand.php' for inclusion (include_path='/var/www/magento/app/code/local:/var/www/magento/app/code/community:/var/www/magento/app/code/core:/var/www/magento/lib:.:/usr/share/php:/usr/share/pear')  in /var/www/magento/lib/Varien/Autoload.php on line 93
2015-05-19T04:11:18+00:00 ERR (3): Warning: include(Mage/Smashingmagazine/Branddirectory/Model/Brand.php): failed to open stream: No such file or directory  in /var/www/magento/lib/Varien/Autoload.php on line 93
2015-05-19T04:11:18+00:00 ERR (3): Warning: include(): Failed opening 'Mage/Smashingmagazine/Branddirectory/Model/Brand.php' for inclusion (include_path='/var/www/magento/app/code/local:/var/www/magento/app/code/community:/var/www/magento/app/code/core:/var/www/magento/lib:.:/usr/share/php:/usr/share/pear')  in /var/www/magento/lib/Varien/Autoload.php on line 93
2015-05-19T05:59:09+00:00 ERR (3): Warning: include(Mage/Smashingmagazine/Branddirectory/Model/Brand.php): failed to open stream: No such file or directory  in /var/www/magento/lib/Varien/Autoload.php on line 93
2015-05-19T05:59:09+00:00 ERR (3): Warning: include(): Failed opening 'Mage/Smashingmagazine/Branddirectory/Model/Brand.php' for inclusion (include_path='/var/www/magento/app/code/local:/var/www/magento/app/code/community:/var/www/magento/app/code/core:/var/www/magento/lib:.:/usr/share/php:/usr/share/pear')  in /var/www/magento/lib/Varien/Autoload.php on line 93
2015-05-19T05:59:09+00:00 ERR (3): Warning: include(Mage/Smashingmagazine/Branddirectory/Resource/Model/Brand/Collection.php): failed to open stream: No such file or directory  in /var/www/magento/lib/Varien/Autoload.php on line 93
2015-05-19T05:59:09+00:00 ERR (3): Warning: include(): Failed opening 'Mage/Smashingmagazine/Branddirectory/Resource/Model/Brand/Collection.php' for inclusion (include_path='/var/www/magento/app/code/local:/var/www/magento/app/code/community:/var/www/magento/app/code/core:/var/www/magento/lib:.:/usr/share/php:/usr/share/pear')  in /var/www/magento/lib/Varien/Autoload.php on line 93
2015-05-19T05:59:36+00:00 ERR (3): Warning: include(Mage/Smashingmagazine/Branddirectory/Model/Brand.php): failed to open stream: No such file or directory  in /var/www/magento/lib/Varien/Autoload.php on line 93
2015-05-19T05:59:36+00:00 ERR (3): Warning: include(): Failed opening 'Mage/Smashingmagazine/Branddirectory/Model/Brand.php' for inclusion (include_path='/var/www/magento/app/code/local:/var/www/magento/app/code/community:/var/www/magento/app/code/core:/var/www/magento/lib:.:/usr/share/php:/usr/share/pear')  in /var/www/magento/lib/Varien/Autoload.php on line 93
2015-05-19T05:59:36+00:00 ERR (3): Warning: include(Mage/Smashingmagazine/Branddirectory/Resource/Model/Brand/Collection.php): failed to open stream: No such file or directory  in /var/www/magento/lib/Varien/Autoload.php on line 93
2015-05-19T05:59:36+00:00 ERR (3): Warning: include(): Failed opening 'Mage/Smashingmagazine/Branddirectory/Resource/Model/Brand/Collection.php' for inclusion (include_path='/var/www/magento/app/code/local:/var/www/magento/app/code/community:/var/www/magento/app/code/core:/var/www/magento/lib:.:/usr/share/php:/usr/share/pear')  in /var/www/magento/lib/Varien/Autoload.php on line 93
2015-05-19T05:59:38+00:00 ERR (3): Warning: include(Mage/Smashingmagazine/Branddirectory/Model/Brand.php): failed to open stream: No such file or directory  in /var/www/magento/lib/Varien/Autoload.php on line 93
2015-05-19T05:59:38+00:00 ERR (3): Warning: include(): Failed opening 'Mage/Smashingmagazine/Branddirectory/Model/Brand.php' for inclusion (include_path='/var/www/magento/app/code/local:/var/www/magento/app/code/community:/var/www/magento/app/code/core:/var/www/magento/lib:.:/usr/share/php:/usr/share/pear')  in /var/www/magento/lib/Varien/Autoload.php on line 93
2015-05-19T05:59:38+00:00 ERR (3): Warning: include(Mage/Smashingmagazine/Branddirectory/Model/Brand.php): failed to open stream: No such file or directory  in /var/www/magento/lib/Varien/Autoload.php on line 93
2015-05-19T05:59:38+00:00 ERR (3): Warning: include(): Failed opening 'Mage/Smashingmagazine/Branddirectory/Model/Brand.php' for inclusion (include_path='/var/www/magento/app/code/local:/var/www/magento/app/code/community:/var/www/magento/app/code/core:/var/www/magento/lib:.:/usr/share/php:/usr/share/pear')  in /var/www/magento/lib/Varien/Autoload.php on line 93
2015-05-19T05:59:50+00:00 ERR (3): Warning: include(Mage/Smashingmagazine/Branddirectory/Model/Brand.php): failed to open stream: No such file or directory  in /var/www/magento/lib/Varien/Autoload.php on line 93
2015-05-19T05:59:50+00:00 ERR (3): Warning: include(): Failed opening 'Mage/Smashingmagazine/Branddirectory/Model/Brand.php' for inclusion (include_path='/var/www/magento/app/code/local:/var/www/magento/app/code/community:/var/www/magento/app/code/core:/var/www/magento/lib:.:/usr/share/php:/usr/share/pear')  in /var/www/magento/lib/Varien/Autoload.php on line 93
2015-05-19T06:00:27+00:00 ERR (3): Warning: include(Mage/Smashingmagazine/Branddirectory/Model/Brand.php): failed to open stream: No such file or directory  in /var/www/magento/lib/Varien/Autoload.php on line 93
2015-05-19T06:00:27+00:00 ERR (3): Warning: include(): Failed opening 'Mage/Smashingmagazine/Branddirectory/Model/Brand.php' for inclusion (include_path='/var/www/magento/app/code/local:/var/www/magento/app/code/community:/var/www/magento/app/code/core:/var/www/magento/lib:.:/usr/share/php:/usr/share/pear')  in /var/www/magento/lib/Varien/Autoload.php on line 93
2015-05-21T06:18:32+00:00 CRIT (2): Not valid template file:frontend/base/default/template/smashingmagazine_brandexample/list.phtml
2015-05-21T06:19:04+00:00 CRIT (2): Not valid template file:frontend/base/default/template/xmlxonnect/smashingmagazine_brandexample/list.phtml
2015-05-21T06:19:06+00:00 CRIT (2): Not valid template file:frontend/base/default/template/xmlxonnect/smashingmagazine_brandexample/list.phtml
2015-05-21T08:55:43+00:00 ERR (3): Notice: Use of undefined constant catalog - assumed 'catalog'  in /var/www/magento/app/code/community/SmashingMagazine/BrandDirectory/Block/Adminhtml/Template/Grid/Renderer/Image.php on line 5
2015-05-21T08:55:43+00:00 ERR (3): Notice: Use of undefined constant image - assumed 'image'  in /var/www/magento/app/code/community/SmashingMagazine/BrandDirectory/Block/Adminhtml/Template/Grid/Renderer/Image.php on line 5
2015-05-21T08:55:43+00:00 ERR (3): Warning: Division by zero  in /var/www/magento/app/code/community/SmashingMagazine/BrandDirectory/Block/Adminhtml/Template/Grid/Renderer/Image.php on line 5
2015-05-21T08:55:43+00:00 ERR (3): Warning: include(Mage//Helper/Data.php): failed to open stream: No such file or directory  in /var/www/magento/lib/Varien/Autoload.php on line 93
2015-05-21T08:55:43+00:00 ERR (3): Warning: include(): Failed opening 'Mage//Helper/Data.php' for inclusion (include_path='/var/www/magento/app/code/local:/var/www/magento/app/code/community:/var/www/magento/app/code/core:/var/www/magento/lib:.:/usr/share/php:/usr/share/pear')  in /var/www/magento/lib/Varien/Autoload.php on line 93
2015-05-21T08:56:48+00:00 ERR (3): Recoverable Error: Argument 1 passed to Mage_Catalog_Helper_Image::init() must be an instance of Mage_Catalog_Model_Product, instance of SmashingMagazine_BrandDirectory_Model_Brand given, called in /var/www/magento/app/code/community/SmashingMagazine/BrandDirectory/Block/Adminhtml/Template/Grid/Renderer/Image.php on line 5 and defined  in /var/www/magento/app/code/core/Mage/Catalog/Helper/Image.php on line 139
2015-05-21T09:54:31+00:00 ERR (3): Warning: file_exists() expects parameter 1 to be a valid path, array given  in /var/www/magento/app/code/community/SmashingMagazine/BrandDirectory/controllers/Adminhtml/BrandController.php on line 52
2015-05-21T09:56:02+00:00 ERR (3): Warning: file_exists() expects parameter 1 to be a valid path, array given  in /var/www/magento/app/code/community/SmashingMagazine/BrandDirectory/controllers/Adminhtml/BrandController.php on line 49
2015-05-21T09:56:04+00:00 ERR (3): Warning: file_exists() expects parameter 1 to be a valid path, array given  in /var/www/magento/app/code/community/SmashingMagazine/BrandDirectory/controllers/Adminhtml/BrandController.php on line 49
2015-05-21T10:02:32+00:00 ERR (3): Warning: file_exists() expects parameter 1 to be a valid path, array given  in /var/www/magento/app/code/community/SmashingMagazine/BrandDirectory/controllers/Adminhtml/BrandController.php on line 49
2015-05-21T10:03:31+00:00 ERR (3): Warning: file_exists() expects parameter 1 to be a valid path, array given  in /var/www/magento/app/code/community/SmashingMagazine/BrandDirectory/controllers/Adminhtml/BrandController.php on line 49
2015-05-21T10:10:15+00:00 ERR (3): Warning: file_exists() expects parameter 1 to be a valid path, array given  in /var/www/magento/app/code/community/SmashingMagazine/BrandDirectory/controllers/Adminhtml/BrandController.php on line 49
2015-05-21T10:20:38+00:00 ERR (3): Warning: file_exists() expects parameter 1 to be a valid path, array given  in /var/www/magento/app/code/community/SmashingMagazine/BrandDirectory/controllers/Adminhtml/BrandController.php on line 49
2015-05-21T10:22:04+00:00 ERR (3): Notice: Array to string conversion  in /var/www/magento/lib/Varien/Db/Adapter/Pdo/Mysql.php on line 2976
2015-05-21T10:22:49+00:00 ERR (3): Notice: Undefined index: name  in /var/www/magento/app/code/community/SmashingMagazine/BrandDirectory/controllers/Adminhtml/BrandController.php on line 71
2015-05-21T10:23:13+00:00 ERR (3): Notice: Undefined index: name  in /var/www/magento/app/code/community/SmashingMagazine/BrandDirectory/controllers/Adminhtml/BrandController.php on line 71
2015-05-21T10:26:10+00:00 ERR (3): Warning: file_exists() expects parameter 1 to be a valid path, array given  in /var/www/magento/app/code/community/SmashingMagazine/BrandDirectory/controllers/Adminhtml/BrandController.php on line 49
2015-05-21T10:26:10+00:00 ERR (3): Notice: Array to string conversion  in /var/www/magento/lib/Varien/Db/Adapter/Pdo/Mysql.php on line 2976
2015-05-21T10:26:19+00:00 ERR (3): Warning: file_exists() expects parameter 1 to be a valid path, array given  in /var/www/magento/app/code/community/SmashingMagazine/BrandDirectory/controllers/Adminhtml/BrandController.php on line 49
2015-05-21T10:26:19+00:00 ERR (3): Notice: Array to string conversion  in /var/www/magento/lib/Varien/Db/Adapter/Pdo/Mysql.php on line 2976
2015-05-21T10:26:55+00:00 ERR (3): Warning: file_exists() expects parameter 1 to be a valid path, array given  in /var/www/magento/app/code/community/SmashingMagazine/BrandDirectory/controllers/Adminhtml/BrandController.php on line 49
2015-05-21T10:27:50+00:00 ERR (3): Warning: file_exists() expects parameter 1 to be a valid path, array given  in /var/www/magento/app/code/community/SmashingMagazine/BrandDirectory/controllers/Adminhtml/BrandController.php on line 49
2015-05-21T10:28:28+00:00 ERR (3): Warning: file_exists() expects parameter 1 to be a valid path, array given  in /var/www/magento/app/code/community/SmashingMagazine/BrandDirectory/controllers/Adminhtml/BrandController.php on line 49
2015-05-21T10:28:31+00:00 ERR (3): Warning: file_exists() expects parameter 1 to be a valid path, array given  in /var/www/magento/app/code/community/SmashingMagazine/BrandDirectory/controllers/Adminhtml/BrandController.php on line 49
2015-05-21T10:28:36+00:00 ERR (3): Warning: file_exists() expects parameter 1 to be a valid path, array given  in /var/www/magento/app/code/community/SmashingMagazine/BrandDirectory/controllers/Adminhtml/BrandController.php on line 49
2015-05-21T10:30:42+00:00 ERR (3): Warning: file_exists() expects parameter 1 to be a valid path, array given  in /var/www/magento/app/code/community/SmashingMagazine/BrandDirectory/controllers/Adminhtml/BrandController.php on line 49
2015-05-21T10:32:10+00:00 ERR (3): Warning: file_exists() expects parameter 1 to be a valid path, array given  in /var/www/magento/app/code/community/SmashingMagazine/BrandDirectory/controllers/Adminhtml/BrandController.php on line 49
2015-05-21T10:35:54+00:00 ERR (3): Warning: file_exists() expects parameter 1 to be a valid path, array given  in /var/www/magento/app/code/community/SmashingMagazine/BrandDirectory/controllers/Adminhtml/BrandController.php on line 49
2015-05-21T10:45:19+00:00 ERR (3): Warning: file_exists() expects parameter 1 to be a valid path, array given  in /var/www/magento/app/code/community/SmashingMagazine/BrandDirectory/controllers/Adminhtml/BrandController.php on line 49
2015-05-21T10:55:16+00:00 ERR (3): Warning: file_exists() expects parameter 1 to be a valid path, array given  in /var/www/magento/app/code/community/SmashingMagazine/BrandDirectory/controllers/Adminhtml/BrandController.php on line 49
2015-05-21T10:56:22+00:00 ERR (3): Warning: file_exists() expects parameter 1 to be a valid path, array given  in /var/www/magento/app/code/community/SmashingMagazine/BrandDirectory/controllers/Adminhtml/BrandController.php on line 49
2015-05-21T10:56:31+00:00 ERR (3): Warning: file_exists() expects parameter 1 to be a valid path, array given  in /var/www/magento/app/code/community/SmashingMagazine/BrandDirectory/controllers/Adminhtml/BrandController.php on line 49
2015-05-21T10:57:26+00:00 ERR (3): Warning: file_exists() expects parameter 1 to be a valid path, array given  in /var/www/magento/app/code/community/SmashingMagazine/BrandDirectory/controllers/Adminhtml/BrandController.php on line 49
2015-05-21T11:00:35+00:00 ERR (3): Warning: file_exists() expects parameter 1 to be a valid path, array given  in /var/www/magento/lib/Varien/File/Uploader.php on line 150
2015-05-21T11:12:59+00:00 ERR (3): Warning: file_exists() expects parameter 1 to be a valid path, array given  in /var/www/magento/lib/Varien/File/Uploader.php on line 150
2015-05-21T11:15:26+00:00 ERR (3): Warning: file_exists() expects parameter 1 to be a valid path, array given  in /var/www/magento/lib/Varien/File/Uploader.php on line 150
2015-05-21T11:15:49+00:00 ERR (3): Warning: file_exists() expects parameter 1 to be a valid path, array given  in /var/www/magento/lib/Varien/File/Uploader.php on line 150
2015-05-21T11:15:58+00:00 ERR (3): Warning: file_exists() expects parameter 1 to be a valid path, array given  in /var/www/magento/lib/Varien/File/Uploader.php on line 150
2015-05-21T11:16:13+00:00 ERR (3): Warning: file_exists() expects parameter 1 to be a valid path, array given  in /var/www/magento/lib/Varien/File/Uploader.php on line 150
2015-05-21T11:16:26+00:00 ERR (3): Warning: file_exists() expects parameter 1 to be a valid path, array given  in /var/www/magento/lib/Varien/File/Uploader.php on line 150
2015-05-21T11:19:36+00:00 ERR (3): Warning: file_exists() expects parameter 1 to be a valid path, array given  in /var/www/magento/lib/Varien/File/Uploader.php on line 150
2015-05-21T11:24:20+00:00 ERR (3): Notice: Undefined index: tmp_name  in /var/www/magento/lib/Varien/File/Uploader.php on line 150
2015-05-21T11:24:35+00:00 ERR (3): Warning: file_exists() expects parameter 1 to be a valid path, array given  in /var/www/magento/lib/Varien/File/Uploader.php on line 150
2015-05-21T11:33:14+00:00 ERR (3): Warning: pathinfo() expects parameter 1 to be string, array given  in /var/www/magento/lib/Varien/File/Uploader.php on line 271
2015-05-21T12:00:21+00:00 ERR (3): Notice: Undefined index: brandData  in /var/www/magento/app/code/community/SmashingMagazine/BrandDirectory/controllers/Adminhtml/BrandController.php on line 81
2015-05-21T12:00:41+00:00 ERR (3): Notice: Undefined index: brandData  in /var/www/magento/app/code/community/SmashingMagazine/BrandDirectory/controllers/Adminhtml/BrandController.php on line 81
2015-05-21T12:01:32+00:00 ERR (3): Notice: Undefined index: brandData  in /var/www/magento/app/code/community/SmashingMagazine/BrandDirectory/controllers/Adminhtml/BrandController.php on line 81
2015-05-21T12:02:47+00:00 ERR (3): Notice: Undefined index: brandData  in /var/www/magento/app/code/community/SmashingMagazine/BrandDirectory/controllers/Adminhtml/BrandController.php on line 82
2015-05-21T12:03:13+00:00 ERR (3): Notice: Undefined index: brandData  in /var/www/magento/app/code/community/SmashingMagazine/BrandDirectory/controllers/Adminhtml/BrandController.php on line 82
2015-05-21T12:05:06+00:00 ERR (3): Notice: Undefined index: brandData  in /var/www/magento/app/code/community/SmashingMagazine/BrandDirectory/controllers/Adminhtml/BrandController.php on line 83
2015-05-21T12:12:00+00:00 ERR (3): Notice: Undefined index: temp_name  in /var/www/magento/app/code/community/SmashingMagazine/BrandDirectory/controllers/Adminhtml/BrandController.php on line 68
2015-05-21T12:12:00+00:00 ERR (3): Notice: Undefined index: brandData  in /var/www/magento/app/code/community/SmashingMagazine/BrandDirectory/controllers/Adminhtml/BrandController.php on line 89
2015-05-21T12:13:12+00:00 ERR (3): Notice: Undefined index: temp_name  in /var/www/magento/app/code/community/SmashingMagazine/BrandDirectory/controllers/Adminhtml/BrandController.php on line 68
2015-05-21T12:13:37+00:00 ERR (3): Notice: Undefined index: temp_name  in /var/www/magento/app/code/community/SmashingMagazine/BrandDirectory/controllers/Adminhtml/BrandController.php on line 68
2015-05-21T12:13:40+00:00 ERR (3): Notice: Undefined index: temp_name  in /var/www/magento/app/code/community/SmashingMagazine/BrandDirectory/controllers/Adminhtml/BrandController.php on line 68
2015-05-21T12:13:46+00:00 ERR (3): Notice: Undefined index: temp_name  in /var/www/magento/app/code/community/SmashingMagazine/BrandDirectory/controllers/Adminhtml/BrandController.php on line 68
2015-05-21T12:14:33+00:00 ERR (3): Notice: Undefined variable: tempName  in /var/www/magento/app/code/community/SmashingMagazine/BrandDirectory/controllers/Adminhtml/BrandController.php on line 69
2015-05-21T12:14:33+00:00 ERR (3): Notice: Undefined variable: tempName  in /var/www/magento/app/code/community/SmashingMagazine/BrandDirectory/controllers/Adminhtml/BrandController.php on line 71
2015-05-21T12:14:44+00:00 ERR (3): Notice: Undefined variable: tempName  in /var/www/magento/app/code/community/SmashingMagazine/BrandDirectory/controllers/Adminhtml/BrandController.php on line 72
2015-05-21T12:15:16+00:00 ERR (3): Warning: move_uploaded_file(/var/www/magento/media/brand//panasonic.jpg): failed to open stream: Permission denied  in /var/www/magento/app/code/community/SmashingMagazine/BrandDirectory/controllers/Adminhtml/BrandController.php on line 72
2015-05-21T12:15:16+00:00 ERR (3): Warning: move_uploaded_file(): Unable to move '/tmp/php6snWAk' to '/var/www/magento/media/brand//panasonic.jpg'  in /var/www/magento/app/code/community/SmashingMagazine/BrandDirectory/controllers/Adminhtml/BrandController.php on line 72
2015-05-21T12:15:33+00:00 ERR (3): Warning: move_uploaded_file(/var/www/magento/media/brand//panasonic.jpg): failed to open stream: Permission denied  in /var/www/magento/app/code/community/SmashingMagazine/BrandDirectory/controllers/Adminhtml/BrandController.php on line 72
2015-05-21T12:15:33+00:00 ERR (3): Warning: move_uploaded_file(): Unable to move '/tmp/phpBsjqEC' to '/var/www/magento/media/brand//panasonic.jpg'  in /var/www/magento/app/code/community/SmashingMagazine/BrandDirectory/controllers/Adminhtml/BrandController.php on line 72
2015-05-21T12:20:00+00:00 ERR (3): Notice: Undefined index: brandData  in /var/www/magento/app/code/community/SmashingMagazine/BrandDirectory/controllers/Adminhtml/BrandController.php on line 92
2015-05-21T12:36:04+00:00 ERR (3): Notice: Array to string conversion  in /var/www/magento/lib/Varien/Db/Adapter/Pdo/Mysql.php on line 2976
2015-05-22T02:56:53+00:00 ERR (3): Warning: Division by zero  in /var/www/magento/app/design/frontend/base/default/template/smashingmagazine_brandexample/view.phtml on line 30
2015-05-22T02:56:53+00:00 ERR (3): Warning: Division by zero  in /var/www/magento/app/design/frontend/base/default/template/smashingmagazine_brandexample/view.phtml on line 33
2015-05-22T02:56:53+00:00 ERR (3): Warning: Division by zero  in /var/www/magento/app/design/frontend/base/default/template/smashingmagazine_brandexample/view.phtml on line 56
2015-05-22T02:56:53+00:00 ERR (3): Warning: Division by zero  in /var/www/magento/app/design/frontend/base/default/template/smashingmagazine_brandexample/view.phtml on line 30
2015-05-22T02:56:53+00:00 ERR (3): Warning: Division by zero  in /var/www/magento/app/design/frontend/base/default/template/smashingmagazine_brandexample/view.phtml on line 33
2015-05-22T02:56:53+00:00 ERR (3): Warning: Division by zero  in /var/www/magento/app/design/frontend/base/default/template/smashingmagazine_brandexample/view.phtml on line 56
2015-05-22T02:56:53+00:00 ERR (3): Warning: Division by zero  in /var/www/magento/app/design/frontend/base/default/template/smashingmagazine_brandexample/view.phtml on line 30
2015-05-22T02:56:53+00:00 ERR (3): Warning: Division by zero  in /var/www/magento/app/design/frontend/base/default/template/smashingmagazine_brandexample/view.phtml on line 33
2015-05-22T02:56:53+00:00 ERR (3): Warning: Division by zero  in /var/www/magento/app/design/frontend/base/default/template/smashingmagazine_brandexample/view.phtml on line 56
2015-05-22T02:57:08+00:00 ERR (3): Warning: Division by zero  in /var/www/magento/app/design/frontend/base/default/template/smashingmagazine_brandexample/view.phtml on line 30
2015-05-22T02:57:08+00:00 ERR (3): Warning: Division by zero  in /var/www/magento/app/design/frontend/base/default/template/smashingmagazine_brandexample/view.phtml on line 33
2015-05-22T02:57:08+00:00 ERR (3): Warning: Division by zero  in /var/www/magento/app/design/frontend/base/default/template/smashingmagazine_brandexample/view.phtml on line 56
2015-05-22T02:57:08+00:00 ERR (3): Warning: Division by zero  in /var/www/magento/app/design/frontend/base/default/template/smashingmagazine_brandexample/view.phtml on line 30
2015-05-22T02:57:08+00:00 ERR (3): Warning: Division by zero  in /var/www/magento/app/design/frontend/base/default/template/smashingmagazine_brandexample/view.phtml on line 33
2015-05-22T02:57:08+00:00 ERR (3): Warning: Division by zero  in /var/www/magento/app/design/frontend/base/default/template/smashingmagazine_brandexample/view.phtml on line 56
2015-05-22T02:57:08+00:00 ERR (3): Warning: Division by zero  in /var/www/magento/app/design/frontend/base/default/template/smashingmagazine_brandexample/view.phtml on line 30
2015-05-22T02:57:08+00:00 ERR (3): Warning: Division by zero  in /var/www/magento/app/design/frontend/base/default/template/smashingmagazine_brandexample/view.phtml on line 33
2015-05-22T02:57:08+00:00 ERR (3): Warning: Division by zero  in /var/www/magento/app/design/frontend/base/default/template/smashingmagazine_brandexample/view.phtml on line 56
2015-05-22T02:57:12+00:00 ERR (3): Warning: Division by zero  in /var/www/magento/app/design/frontend/base/default/template/smashingmagazine_brandexample/view.phtml on line 30
2015-05-22T02:57:12+00:00 ERR (3): Warning: Division by zero  in /var/www/magento/app/design/frontend/base/default/template/smashingmagazine_brandexample/view.phtml on line 33
2015-05-22T02:57:12+00:00 ERR (3): Warning: Division by zero  in /var/www/magento/app/design/frontend/base/default/template/smashingmagazine_brandexample/view.phtml on line 56
2015-05-22T02:57:12+00:00 ERR (3): Warning: Division by zero  in /var/www/magento/app/design/frontend/base/default/template/smashingmagazine_brandexample/view.phtml on line 30
2015-05-22T02:57:12+00:00 ERR (3): Warning: Division by zero  in /var/www/magento/app/design/frontend/base/default/template/smashingmagazine_brandexample/view.phtml on line 33
2015-05-22T02:57:12+00:00 ERR (3): Warning: Division by zero  in /var/www/magento/app/design/frontend/base/default/template/smashingmagazine_brandexample/view.phtml on line 56
2015-05-22T02:57:12+00:00 ERR (3): Warning: Division by zero  in /var/www/magento/app/design/frontend/base/default/template/smashingmagazine_brandexample/view.phtml on line 30
2015-05-22T02:57:12+00:00 ERR (3): Warning: Division by zero  in /var/www/magento/app/design/frontend/base/default/template/smashingmagazine_brandexample/view.phtml on line 33
2015-05-22T02:57:12+00:00 ERR (3): Warning: Division by zero  in /var/www/magento/app/design/frontend/base/default/template/smashingmagazine_brandexample/view.phtml on line 56
2015-05-22T04:02:30+00:00 ERR (3): Warning: include(Mage/Core/Model/Lauoit.php): failed to open stream: No such file or directory  in /var/www/magento/lib/Varien/Autoload.php on line 93
2015-05-22T04:02:30+00:00 ERR (3): Warning: include(): Failed opening 'Mage/Core/Model/Lauoit.php' for inclusion (include_path='/var/www/magento/app/code/local:/var/www/magento/app/code/community:/var/www/magento/app/code/core:/var/www/magento/lib:.:/usr/share/php:/usr/share/pear')  in /var/www/magento/lib/Varien/Autoload.php on line 93
2015-05-22T04:02:47+00:00 ERR (3): Warning: simplexml_load_string(): Entity: line 1143: parser error : Opening and ending tag mismatch: remove line 574 and layout  in /var/www/magento/app/code/core/Mage/Core/Model/Layout/Update.php on line 235
2015-05-22T04:02:47+00:00 ERR (3): Warning: simplexml_load_string(): &lt;/reference&gt;&lt;/layout&gt;  in /var/www/magento/app/code/core/Mage/Core/Model/Layout/Update.php on line 235
2015-05-22T04:02:47+00:00 ERR (3): Warning: simplexml_load_string():                      ^  in /var/www/magento/app/code/core/Mage/Core/Model/Layout/Update.php on line 235
2015-05-22T04:02:47+00:00 ERR (3): Warning: simplexml_load_string(): Entity: line 1143: parser error : Premature end of data in tag layout line 1  in /var/www/magento/app/code/core/Mage/Core/Model/Layout/Update.php on line 235
2015-05-22T04:02:47+00:00 ERR (3): Warning: simplexml_load_string(): &lt;/reference&gt;&lt;/layout&gt;  in /var/www/magento/app/code/core/Mage/Core/Model/Layout/Update.php on line 235
2015-05-22T04:02:47+00:00 ERR (3): Warning: simplexml_load_string():                      ^  in /var/www/magento/app/code/core/Mage/Core/Model/Layout/Update.php on line 235
2015-05-22T04:03:24+00:00 ERR (3): Warning: simplexml_load_string(): Entity: line 1143: parser error : Opening and ending tag mismatch: remove line 574 and layout  in /var/www/magento/app/code/core/Mage/Core/Model/Layout/Update.php on line 235
2015-05-22T04:03:24+00:00 ERR (3): Warning: simplexml_load_string(): &lt;/reference&gt;&lt;/layout&gt;  in /var/www/magento/app/code/core/Mage/Core/Model/Layout/Update.php on line 235
2015-05-22T04:03:24+00:00 ERR (3): Warning: simplexml_load_string():                      ^  in /var/www/magento/app/code/core/Mage/Core/Model/Layout/Update.php on line 235
2015-05-22T04:03:24+00:00 ERR (3): Warning: simplexml_load_string(): Entity: line 1143: parser error : Premature end of data in tag layout line 1  in /var/www/magento/app/code/core/Mage/Core/Model/Layout/Update.php on line 235
2015-05-22T04:03:24+00:00 ERR (3): Warning: simplexml_load_string(): &lt;/reference&gt;&lt;/layout&gt;  in /var/www/magento/app/code/core/Mage/Core/Model/Layout/Update.php on line 235
2015-05-22T04:03:24+00:00 ERR (3): Warning: simplexml_load_string():                      ^  in /var/www/magento/app/code/core/Mage/Core/Model/Layout/Update.php on line 235
2015-05-22T04:08:01+00:00 ERR (3): Warning: simplexml_load_string(): Entity: line 1135: parser error : Opening and ending tag mismatch: remove line 570 and layout  in /var/www/magento/app/code/core/Mage/Core/Model/Layout/Update.php on line 235
2015-05-22T04:08:01+00:00 ERR (3): Warning: simplexml_load_string(): &lt;/reference&gt;&lt;/layout&gt;  in /var/www/magento/app/code/core/Mage/Core/Model/Layout/Update.php on line 235
2015-05-22T04:08:01+00:00 ERR (3): Warning: simplexml_load_string():                      ^  in /var/www/magento/app/code/core/Mage/Core/Model/Layout/Update.php on line 235
2015-05-22T04:08:01+00:00 ERR (3): Warning: simplexml_load_string(): Entity: line 1135: parser error : Premature end of data in tag layout line 1  in /var/www/magento/app/code/core/Mage/Core/Model/Layout/Update.php on line 235
2015-05-22T04:08:01+00:00 ERR (3): Warning: simplexml_load_string(): &lt;/reference&gt;&lt;/layout&gt;  in /var/www/magento/app/code/core/Mage/Core/Model/Layout/Update.php on line 235
2015-05-22T04:08:01+00:00 ERR (3): Warning: simplexml_load_string():                      ^  in /var/www/magento/app/code/core/Mage/Core/Model/Layout/Update.php on line 235
2015-05-22T04:08:03+00:00 ERR (3): Warning: simplexml_load_string(): Entity: line 1135: parser error : Opening and ending tag mismatch: remove line 570 and layout  in /var/www/magento/app/code/core/Mage/Core/Model/Layout/Update.php on line 235
2015-05-22T04:08:03+00:00 ERR (3): Warning: simplexml_load_string(): &lt;/reference&gt;&lt;/layout&gt;  in /var/www/magento/app/code/core/Mage/Core/Model/Layout/Update.php on line 235
2015-05-22T04:08:03+00:00 ERR (3): Warning: simplexml_load_string():                      ^  in /var/www/magento/app/code/core/Mage/Core/Model/Layout/Update.php on line 235
2015-05-22T04:08:03+00:00 ERR (3): Warning: simplexml_load_string(): Entity: line 1135: parser error : Premature end of data in tag layout line 1  in /var/www/magento/app/code/core/Mage/Core/Model/Layout/Update.php on line 235
2015-05-22T04:08:03+00:00 ERR (3): Warning: simplexml_load_string(): &lt;/reference&gt;&lt;/layout&gt;  in /var/www/magento/app/code/core/Mage/Core/Model/Layout/Update.php on line 235
2015-05-22T04:08:03+00:00 ERR (3): Warning: simplexml_load_string():                      ^  in /var/www/magento/app/code/core/Mage/Core/Model/Layout/Update.php on line 235
2015-05-22T04:13:36+00:00 ERR (3): Warning: simplexml_load_string(): Entity: line 1143: parser error : Opening and ending tag mismatch: remove line 574 and layout  in /var/www/magento/app/code/core/Mage/Core/Model/Layout/Update.php on line 235
2015-05-22T04:13:36+00:00 ERR (3): Warning: simplexml_load_string(): &lt;/reference&gt;&lt;/layout&gt;  in /var/www/magento/app/code/core/Mage/Core/Model/Layout/Update.php on line 235
2015-05-22T04:13:36+00:00 ERR (3): Warning: simplexml_load_string():                      ^  in /var/www/magento/app/code/core/Mage/Core/Model/Layout/Update.php on line 235
2015-05-22T04:13:36+00:00 ERR (3): Warning: simplexml_load_string(): Entity: line 1143: parser error : Premature end of data in tag layout line 1  in /var/www/magento/app/code/core/Mage/Core/Model/Layout/Update.php on line 235
2015-05-22T04:13:36+00:00 ERR (3): Warning: simplexml_load_string(): &lt;/reference&gt;&lt;/layout&gt;  in /var/www/magento/app/code/core/Mage/Core/Model/Layout/Update.php on line 235
2015-05-22T04:13:36+00:00 ERR (3): Warning: simplexml_load_string():                      ^  in /var/www/magento/app/code/core/Mage/Core/Model/Layout/Update.php on line 235
2015-05-22T04:13:44+00:00 ERR (3): Warning: simplexml_load_string(): Entity: line 1143: parser error : Opening and ending tag mismatch: remove line 574 and layout  in /var/www/magento/app/code/core/Mage/Core/Model/Layout/Update.php on line 235
2015-05-22T04:13:44+00:00 ERR (3): Warning: simplexml_load_string(): &lt;/reference&gt;&lt;/layout&gt;  in /var/www/magento/app/code/core/Mage/Core/Model/Layout/Update.php on line 235
2015-05-22T04:13:44+00:00 ERR (3): Warning: simplexml_load_string():                      ^  in /var/www/magento/app/code/core/Mage/Core/Model/Layout/Update.php on line 235
2015-05-22T04:13:44+00:00 ERR (3): Warning: simplexml_load_string(): Entity: line 1143: parser error : Premature end of data in tag layout line 1  in /var/www/magento/app/code/core/Mage/Core/Model/Layout/Update.php on line 235
2015-05-22T04:13:44+00:00 ERR (3): Warning: simplexml_load_string(): &lt;/reference&gt;&lt;/layout&gt;  in /var/www/magento/app/code/core/Mage/Core/Model/Layout/Update.php on line 235
2015-05-22T04:13:44+00:00 ERR (3): Warning: simplexml_load_string():                      ^  in /var/www/magento/app/code/core/Mage/Core/Model/Layout/Update.php on line 235
2015-05-22T04:14:09+00:00 ERR (3): Warning: simplexml_load_string(): Entity: line 1143: parser error : Opening and ending tag mismatch: remove line 574 and layout  in /var/www/magento/app/code/core/Mage/Core/Model/Layout/Update.php on line 235
2015-05-22T04:14:09+00:00 ERR (3): Warning: simplexml_load_string(): &lt;/reference&gt;&lt;/layout&gt;  in /var/www/magento/app/code/core/Mage/Core/Model/Layout/Update.php on line 235
2015-05-22T04:14:09+00:00 ERR (3): Warning: simplexml_load_string():                      ^  in /var/www/magento/app/code/core/Mage/Core/Model/Layout/Update.php on line 235
2015-05-22T04:14:09+00:00 ERR (3): Warning: simplexml_load_string(): Entity: line 1143: parser error : Premature end of data in tag layout line 1  in /var/www/magento/app/code/core/Mage/Core/Model/Layout/Update.php on line 235
2015-05-22T04:14:09+00:00 ERR (3): Warning: simplexml_load_string(): &lt;/reference&gt;&lt;/layout&gt;  in /var/www/magento/app/code/core/Mage/Core/Model/Layout/Update.php on line 235
2015-05-22T04:14:09+00:00 ERR (3): Warning: simplexml_load_string():                      ^  in /var/www/magento/app/code/core/Mage/Core/Model/Layout/Update.php on line 235
2015-05-22T04:58:03+00:00 ERR (3): Warning: simplexml_load_string(): Entity: line 1143: parser error : Opening and ending tag mismatch: remove line 574 and layout  in /var/www/magento/app/code/core/Mage/Core/Model/Layout/Update.php on line 235
2015-05-22T04:58:03+00:00 ERR (3): Warning: simplexml_load_string(): &lt;/reference&gt;&lt;/layout&gt;  in /var/www/magento/app/code/core/Mage/Core/Model/Layout/Update.php on line 235
2015-05-22T04:58:03+00:00 ERR (3): Warning: simplexml_load_string():                      ^  in /var/www/magento/app/code/core/Mage/Core/Model/Layout/Update.php on line 235
2015-05-22T04:58:03+00:00 ERR (3): Warning: simplexml_load_string(): Entity: line 1143: parser error : Premature end of data in tag layout line 1  in /var/www/magento/app/code/core/Mage/Core/Model/Layout/Update.php on line 235
2015-05-22T04:58:03+00:00 ERR (3): Warning: simplexml_load_string(): &lt;/reference&gt;&lt;/layout&gt;  in /var/www/magento/app/code/core/Mage/Core/Model/Layout/Update.php on line 235
2015-05-22T04:58:03+00:00 ERR (3): Warning: simplexml_load_string():                      ^  in /var/www/magento/app/code/core/Mage/Core/Model/Layout/Update.php on line 235
2015-05-22T05:00:31+00:00 ERR (3): Notice: Undefined variable: _brand  in /var/www/magento/app/design/frontend/base/default/template/smashingmagazine_brandexample/catalog/product/view/link.phtml on line 7
